<?xml version="1.0" encoding="UTF-8"?>
<!-- Generated by org.testng.reporters.JUnitXMLReporter -->
<testsuite hostname="DESKTOP-UC0838C" name="Test" tests="4" failures="0" timestamp="14 Mar 2021 06:06:10 GMT" time="0.042" errors="0">
  <testcase name="tc3" time="0.012" classname="org.adactin.testng.Sample2"/>
  <testcase name="tc5" time="0.001" classname="org.adactin.testng.Sample3"/>
  <testcase name="tc6" time="0.0" classname="org.adactin.testng.Sample3"/>
  <testcase name="tc2" time="0.001" classname="org.adactin.testng.Sample1"/>
</testsuite> <!-- Test -->
